c:\users\ethan\downloads\kagura client v2 source base\bin\debug-ps3\cellprx_kaguraclientsprxv2_stub.a
c:\users\ethan\downloads\kagura client v2 source base - backup\bin\debug-ps3\cellprx_kaguraclientsprxv2_stub.a
c:\users\ethan\downloads\kagura client v2 source\bin\debug-ps3\cellprx_kaguraclientsprxv2_stub.a
c:\users\ethan\downloads\kagura client v2 source\bin\debug-ps3\kaguraclientsprxv2.sprx
c:\users\ethan\appdata\local\temp\ps3ppuld136122\lib.ent.o
c:\users\ethan\appdata\local\temp\ps3ppuld95922\lib.ent.o
c:\users\ethan\appdata\local\temp\ps3ppuld123242\lib.ent.o
c:\users\ethan\appdata\local\temp\ps3ppuld50122\lib.ent.o
c:\users\ethan\appdata\local\temp\ps3ppuld115962\lib.ent.o
c:\users\ethan\appdata\local\temp\ps3ppuld83482\lib.ent.o
c:\users\ethan\appdata\local\temp\ps3ppuld115242\lib.ent.o
c:\users\ethan\appdata\local\temp\ps3ppuld162602\lib.ent.o
c:\users\ethan\appdata\local\temp\ps3ppuld93482\lib.ent.o
c:\users\ethan\appdata\local\temp\ps3ppuld141962\lib.ent.o
c:\users\ethan\appdata\local\temp\ps3ppuld89242\lib.ent.o
c:\users\ethan\appdata\local\temp\ps3ppuld147682\lib.ent.o
c:\users\ethan\appdata\local\temp\ps3ppuld120322\lib.ent.o
c:\users\ethan\appdata\local\temp\ps3ppuld93562\lib.ent.o
c:\users\ethan\appdata\local\temp\ps3ppuld103442\lib.ent.o
c:\users\ethan\appdata\local\temp\ps3ppuld21042\lib.ent.o
c:\users\ethan\appdata\local\temp\ps3ppuld151882\lib.ent.o
c:\users\ethan\appdata\local\temp\ps3ppuld91202\lib.ent.o
c:\users\ethan\appdata\local\temp\ps3ppuld41362\lib.ent.o
c:\users\ethan\appdata\local\temp\ps3ppuld131882\lib.ent.o
c:\users\ethan\appdata\local\temp\ps3ppuld83442\lib.ent.o
c:\users\ethan\appdata\local\temp\ps3ppuld9002\lib.ent.o
c:\users\ethan\appdata\local\temp\ps3ppuld114882\lib.ent.o
c:\users\ethan\appdata\local\temp\ps3ppuld110922\lib.ent.o
c:\users\ethan\appdata\local\temp\ps3ppuld93522\lib.ent.o
c:\users\ethan\appdata\local\temp\ps3ppuld120402\lib.ent.o
c:\users\ethan\appdata\local\temp\ps3ppuld153562\lib.ent.o
c:\users\ethan\appdata\local\temp\ps3ppuld152522\lib.ent.o
c:\users\ethan\appdata\local\temp\ps3ppuld108642\lib.ent.o
c:\users\ethan\appdata\local\temp\ps3ppuld109682\lib.ent.o
c:\users\ethan\appdata\local\temp\ps3ppuld62282\lib.ent.o
c:\users\ethan\appdata\local\temp\ps3ppuld147482\lib.ent.o
c:\users\ethan\appdata\local\temp\ps3ppuld110282\lib.ent.o
c:\users\ethan\appdata\local\temp\ps3ppuld28042\lib.ent.o
c:\users\ethan\appdata\local\temp\ps3ppuld150162\lib.ent.o
c:\users\ethan\appdata\local\temp\ps3ppuld152602\lib.ent.o
c:\users\ethan\appdata\local\temp\ps3ppuld147002\lib.ent.o
c:\users\ethan\appdata\local\temp\ps3ppuld137962\lib.ent.o
c:\users\ethan\appdata\local\temp\ps3ppuld17682\lib.ent.o
c:\users\ethan\appdata\local\temp\ps3ppuld161482\lib.ent.o
c:\users\ethan\appdata\local\temp\ps3ppuld43442\lib.ent.o
c:\users\ethan\appdata\local\temp\ps3ppuld21802\lib.ent.o
c:\users\ethan\appdata\local\temp\ps3ppuld62482\lib.ent.o
c:\users\ethan\appdata\local\temp\ps3ppuld32522\lib.ent.o
c:\users\ethan\appdata\local\temp\ps3ppuld103122\lib.ent.o
c:\users\ethan\appdata\local\temp\ps3ppuld118402\lib.ent.o
c:\users\ethan\appdata\local\temp\ps3ppuld154842\lib.ent.o
c:\users\ethan\appdata\local\temp\ps3ppuld136082\lib.ent.o
c:\users\ethan\appdata\local\temp\ps3ppuld59562\lib.ent.o
c:\users\ethan\appdata\local\temp\ps3ppuld101962\lib.ent.o
c:\users\ethan\appdata\local\temp\ps3ppuld85082\lib.ent.o
c:\users\ethan\appdata\local\temp\ps3ppuld156962\lib.ent.o
c:\users\ethan\appdata\local\temp\ps3ppuld156202\lib.ent.o
c:\users\ethan\appdata\local\temp\ps3ppuld53242\lib.ent.o
c:\users\ethan\appdata\local\temp\ps3ppuld163402\lib.ent.o
c:\users\ethan\appdata\local\temp\ps3ppuld150602\lib.ent.o
c:\users\ethan\appdata\local\temp\ps3ppuld97842\lib.ent.o
c:\users\ethan\appdata\local\temp\ps3ppuld85362\lib.ent.o
c:\users\ethan\appdata\local\temp\ps3ppuld25762\lib.ent.o
c:\users\ethan\appdata\local\temp\ps3ppuld116402\lib.ent.o
c:\users\ethan\appdata\local\temp\ps3ppuld155042\lib.ent.o
c:\users\ethan\appdata\local\temp\ps3ppuld157402\lib.ent.o
c:\users\ethan\appdata\local\temp\ps3ppuld105802\lib.ent.o
c:\users\ethan\appdata\local\temp\ps3ppuld156362\lib.ent.o
c:\users\ethan\appdata\local\temp\ps3ppuld114482\lib.ent.o
c:\users\ethan\appdata\local\temp\ps3ppuld105242\lib.ent.o
c:\users\ethan\appdata\local\temp\ps3ppuld127362\lib.ent.o
c:\users\ethan\appdata\local\temp\ps3ppuld81082\lib.ent.o
c:\users\ethan\appdata\local\temp\ps3ppuld122002\lib.ent.o
c:\users\ethan\appdata\local\temp\ps3ppuld86882\lib.ent.o
c:\users\ethan\appdata\local\temp\ps3ppuld69522\lib.ent.o
c:\users\ethan\appdata\local\temp\ps3ppuld105602\lib.ent.o
c:\users\ethan\appdata\local\temp\ps3ppuld128282\lib.ent.o
c:\users\ethan\appdata\local\temp\ps3ppuld97162\lib.ent.o
c:\users\ethan\appdata\local\temp\ps3ppuld140602\lib.ent.o
c:\users\ethan\appdata\local\temp\ps3ppuld48802\lib.ent.o
c:\users\ethan\appdata\local\temp\ps3ppuld124082\lib.ent.o
c:\users\ethan\appdata\local\temp\ps3ppuld24762\lib.ent.o
c:\users\ethan\appdata\local\temp\ps3ppuld122962\lib.ent.o
c:\users\ethan\appdata\local\temp\ps3ppuld138042\lib.ent.o
c:\users\ethan\appdata\local\temp\ps3ppuld124362\lib.ent.o
c:\users\ethan\appdata\local\temp\ps3ppuld76242\lib.ent.o
c:\users\ethan\appdata\local\temp\ps3ppuld124882\lib.ent.o
c:\users\ethan\appdata\local\temp\ps3ppuld133802\lib.ent.o
c:\users\ethan\appdata\local\temp\ps3ppuld122042\lib.ent.o
c:\users\ethan\appdata\local\temp\ps3ppuld121362\lib.ent.o
c:\users\ethan\appdata\local\temp\ps3ppuld80002\lib.ent.o
c:\users\ethan\appdata\local\temp\ps3ppuld53562\lib.ent.o
c:\users\ethan\appdata\local\temp\ps3ppuld106322\lib.ent.o
c:\users\ethan\appdata\local\temp\ps3ppuld131002\lib.ent.o
c:\users\ethan\appdata\local\temp\ps3ppuld74442\lib.ent.o
c:\users\ethan\appdata\local\temp\ps3ppuld130202\lib.ent.o
c:\users\ethan\appdata\local\temp\ps3ppuld34322\lib.ent.o
c:\users\ethan\appdata\local\temp\ps3ppuld33882\lib.ent.o
c:\users\ethan\appdata\local\temp\ps3ppuld74522\lib.ent.o
c:\users\ethan\appdata\local\temp\ps3ppuld51722\lib.ent.o
c:\users\ethan\appdata\local\temp\ps3ppuld150322\lib.ent.o
c:\users\ethan\appdata\local\temp\ps3ppuld31402\lib.ent.o
c:\users\ethan\appdata\local\temp\ps3ppuld38762\lib.ent.o
c:\users\ethan\appdata\local\temp\ps3ppuld133402\lib.ent.o
c:\users\ethan\appdata\local\temp\ps3ppuld105682\lib.ent.o
c:\users\ethan\appdata\local\temp\ps3ppuld120682\lib.ent.o
c:\users\ethan\appdata\local\temp\ps3ppuld136122\kaguraclientsprxv2
c:\users\ethan\appdata\local\temp\ps3ppuld95922\kaguraclientsprxv2
c:\users\ethan\appdata\local\temp\ps3ppuld123242\kaguraclientsprxv2
c:\users\ethan\appdata\local\temp\ps3ppuld50122\kaguraclientsprxv2
c:\users\ethan\appdata\local\temp\ps3ppuld115962\kaguraclientsprxv2
c:\users\ethan\appdata\local\temp\ps3ppuld83482\kaguraclientsprxv2
c:\users\ethan\appdata\local\temp\ps3ppuld115242\kaguraclientsprxv2
c:\users\ethan\appdata\local\temp\ps3ppuld162602\kaguraclientsprxv2
c:\users\ethan\appdata\local\temp\ps3ppuld93482\kaguraclientsprxv2
c:\users\ethan\appdata\local\temp\ps3ppuld141962\kaguraclientsprxv2
c:\users\ethan\appdata\local\temp\ps3ppuld89242\kaguraclientsprxv2
c:\users\ethan\appdata\local\temp\ps3ppuld147682\kaguraclientsprxv2
c:\users\ethan\appdata\local\temp\ps3ppuld120322\kaguraclientsprxv2
c:\users\ethan\appdata\local\temp\ps3ppuld93562\kaguraclientsprxv2
c:\users\ethan\appdata\local\temp\ps3ppuld103442\kaguraclientsprxv2
c:\users\ethan\appdata\local\temp\ps3ppuld21042\kaguraclientsprxv2
c:\users\ethan\appdata\local\temp\ps3ppuld151882\kaguraclientsprxv2
c:\users\ethan\appdata\local\temp\ps3ppuld91202\kaguraclientsprxv2
c:\users\ethan\appdata\local\temp\ps3ppuld41362\kaguraclientsprxv2
c:\users\ethan\appdata\local\temp\ps3ppuld131882\kaguraclientsprxv2
c:\users\ethan\appdata\local\temp\ps3ppuld83442\kaguraclientsprxv2
c:\users\ethan\appdata\local\temp\ps3ppuld9002\kaguraclientsprxv2
c:\users\ethan\appdata\local\temp\ps3ppuld114882\kaguraclientsprxv2
c:\users\ethan\appdata\local\temp\ps3ppuld110922\kaguraclientsprxv2
c:\users\ethan\appdata\local\temp\ps3ppuld93522\kaguraclientsprxv2
c:\users\ethan\appdata\local\temp\ps3ppuld120402\kaguraclientsprxv2
c:\users\ethan\appdata\local\temp\ps3ppuld153562\kaguraclientsprxv2
c:\users\ethan\appdata\local\temp\ps3ppuld152522\kaguraclientsprxv2
c:\users\ethan\appdata\local\temp\ps3ppuld108642\kaguraclientsprxv2
c:\users\ethan\appdata\local\temp\ps3ppuld109682\kaguraclientsprxv2
c:\users\ethan\appdata\local\temp\ps3ppuld62282\kaguraclientsprxv2
c:\users\ethan\appdata\local\temp\ps3ppuld147482\kaguraclientsprxv2
c:\users\ethan\appdata\local\temp\ps3ppuld110282\kaguraclientsprxv2
c:\users\ethan\appdata\local\temp\ps3ppuld28042\kaguraclientsprxv2
c:\users\ethan\appdata\local\temp\ps3ppuld150162\kaguraclientsprxv2
c:\users\ethan\appdata\local\temp\ps3ppuld152602\kaguraclientsprxv2
c:\users\ethan\appdata\local\temp\ps3ppuld147002\kaguraclientsprxv2
c:\users\ethan\appdata\local\temp\ps3ppuld137962\kaguraclientsprxv2
c:\users\ethan\appdata\local\temp\ps3ppuld17682\kaguraclientsprxv2
c:\users\ethan\appdata\local\temp\ps3ppuld161482\kaguraclientsprxv2
c:\users\ethan\appdata\local\temp\ps3ppuld43442\kaguraclientsprxv2
c:\users\ethan\appdata\local\temp\ps3ppuld21802\kaguraclientsprxv2
c:\users\ethan\appdata\local\temp\ps3ppuld62482\kaguraclientsprxv2
c:\users\ethan\appdata\local\temp\ps3ppuld32522\kaguraclientsprxv2
c:\users\ethan\appdata\local\temp\ps3ppuld103122\kaguraclientsprxv2
c:\users\ethan\appdata\local\temp\ps3ppuld118402\kaguraclientsprxv2
c:\users\ethan\appdata\local\temp\ps3ppuld154842\kaguraclientsprxv2
c:\users\ethan\appdata\local\temp\ps3ppuld136082\kaguraclientsprxv2
c:\users\ethan\appdata\local\temp\ps3ppuld59562\kaguraclientsprxv2
c:\users\ethan\appdata\local\temp\ps3ppuld101962\kaguraclientsprxv2
c:\users\ethan\appdata\local\temp\ps3ppuld85082\kaguraclientsprxv2
c:\users\ethan\appdata\local\temp\ps3ppuld156962\kaguraclientsprxv2
c:\users\ethan\appdata\local\temp\ps3ppuld156202\kaguraclientsprxv2
c:\users\ethan\appdata\local\temp\ps3ppuld53242\kaguraclientsprxv2
c:\users\ethan\appdata\local\temp\ps3ppuld163402\kaguraclientsprxv2
c:\users\ethan\appdata\local\temp\ps3ppuld150602\kaguraclientsprxv2
c:\users\ethan\appdata\local\temp\ps3ppuld97842\kaguraclientsprxv2
c:\users\ethan\appdata\local\temp\ps3ppuld85362\kaguraclientsprxv2
c:\users\ethan\appdata\local\temp\ps3ppuld25762\kaguraclientsprxv2
c:\users\ethan\appdata\local\temp\ps3ppuld116402\kaguraclientsprxv2
c:\users\ethan\appdata\local\temp\ps3ppuld155042\kaguraclientsprxv2
c:\users\ethan\appdata\local\temp\ps3ppuld157402\kaguraclientsprxv2
c:\users\ethan\appdata\local\temp\ps3ppuld105802\kaguraclientsprxv2
c:\users\ethan\appdata\local\temp\ps3ppuld156362\kaguraclientsprxv2
c:\users\ethan\appdata\local\temp\ps3ppuld114482\kaguraclientsprxv2
c:\users\ethan\appdata\local\temp\ps3ppuld105242\kaguraclientsprxv2
c:\users\ethan\appdata\local\temp\ps3ppuld127362\kaguraclientsprxv2
c:\users\ethan\appdata\local\temp\ps3ppuld81082\kaguraclientsprxv2
c:\users\ethan\appdata\local\temp\ps3ppuld122002\kaguraclientsprxv2
c:\users\ethan\appdata\local\temp\ps3ppuld86882\kaguraclientsprxv2
c:\users\ethan\appdata\local\temp\ps3ppuld69522\kaguraclientsprxv2
c:\users\ethan\appdata\local\temp\ps3ppuld105602\kaguraclientsprxv2
c:\users\ethan\appdata\local\temp\ps3ppuld128282\kaguraclientsprxv2
c:\users\ethan\appdata\local\temp\ps3ppuld97162\kaguraclientsprxv2
c:\users\ethan\appdata\local\temp\ps3ppuld140602\kaguraclientsprxv2
c:\users\ethan\appdata\local\temp\ps3ppuld48802\kaguraclientsprxv2
c:\users\ethan\appdata\local\temp\ps3ppuld124082\kaguraclientsprxv2
c:\users\ethan\appdata\local\temp\ps3ppuld24762\kaguraclientsprxv2
c:\users\ethan\appdata\local\temp\ps3ppuld122962\kaguraclientsprxv2
c:\users\ethan\appdata\local\temp\ps3ppuld138042\kaguraclientsprxv2
c:\users\ethan\appdata\local\temp\ps3ppuld124362\kaguraclientsprxv2
c:\users\ethan\appdata\local\temp\ps3ppuld76242\kaguraclientsprxv2
c:\users\ethan\appdata\local\temp\ps3ppuld124882\kaguraclientsprxv2
c:\users\ethan\appdata\local\temp\ps3ppuld133802\kaguraclientsprxv2
c:\users\ethan\appdata\local\temp\ps3ppuld122042\kaguraclientsprxv2
c:\users\ethan\appdata\local\temp\ps3ppuld121362\kaguraclientsprxv2
c:\users\ethan\appdata\local\temp\ps3ppuld80002\kaguraclientsprxv2
c:\users\ethan\appdata\local\temp\ps3ppuld53562\kaguraclientsprxv2
c:\users\ethan\appdata\local\temp\ps3ppuld106322\kaguraclientsprxv2
c:\users\ethan\appdata\local\temp\ps3ppuld131002\kaguraclientsprxv2
c:\users\ethan\appdata\local\temp\ps3ppuld74442\kaguraclientsprxv2
c:\users\ethan\appdata\local\temp\ps3ppuld130202\kaguraclientsprxv2
c:\users\ethan\appdata\local\temp\ps3ppuld34322\kaguraclientsprxv2
c:\users\ethan\appdata\local\temp\ps3ppuld33882\kaguraclientsprxv2
c:\users\ethan\appdata\local\temp\ps3ppuld74522\kaguraclientsprxv2
c:\users\ethan\appdata\local\temp\ps3ppuld51722\kaguraclientsprxv2
c:\users\ethan\appdata\local\temp\ps3ppuld150322\kaguraclientsprxv2
c:\users\ethan\appdata\local\temp\ps3ppuld31402\kaguraclientsprxv2
c:\users\ethan\appdata\local\temp\ps3ppuld38762\kaguraclientsprxv2
c:\users\ethan\appdata\local\temp\ps3ppuld133402\kaguraclientsprxv2
c:\users\ethan\appdata\local\temp\ps3ppuld105682\kaguraclientsprxv2
c:\users\ethan\appdata\local\temp\ps3ppuld120682\kaguraclientsprxv2
c:\users\ethan\appdata\local\temp\ps3ppuld136122\lib.ent.s
c:\users\ethan\appdata\local\temp\ps3ppuld95922\lib.ent.s
c:\users\ethan\appdata\local\temp\ps3ppuld123242\lib.ent.s
c:\users\ethan\appdata\local\temp\ps3ppuld50122\lib.ent.s
c:\users\ethan\appdata\local\temp\ps3ppuld115962\lib.ent.s
c:\users\ethan\appdata\local\temp\ps3ppuld83482\lib.ent.s
c:\users\ethan\appdata\local\temp\ps3ppuld115242\lib.ent.s
c:\users\ethan\appdata\local\temp\ps3ppuld162602\lib.ent.s
c:\users\ethan\appdata\local\temp\ps3ppuld93482\lib.ent.s
c:\users\ethan\appdata\local\temp\ps3ppuld141962\lib.ent.s
c:\users\ethan\appdata\local\temp\ps3ppuld89242\lib.ent.s
c:\users\ethan\appdata\local\temp\ps3ppuld147682\lib.ent.s
c:\users\ethan\appdata\local\temp\ps3ppuld120322\lib.ent.s
c:\users\ethan\appdata\local\temp\ps3ppuld93562\lib.ent.s
c:\users\ethan\appdata\local\temp\ps3ppuld103442\lib.ent.s
c:\users\ethan\appdata\local\temp\ps3ppuld21042\lib.ent.s
c:\users\ethan\appdata\local\temp\ps3ppuld151882\lib.ent.s
c:\users\ethan\appdata\local\temp\ps3ppuld91202\lib.ent.s
c:\users\ethan\appdata\local\temp\ps3ppuld41362\lib.ent.s
c:\users\ethan\appdata\local\temp\ps3ppuld131882\lib.ent.s
c:\users\ethan\appdata\local\temp\ps3ppuld83442\lib.ent.s
c:\users\ethan\appdata\local\temp\ps3ppuld9002\lib.ent.s
c:\users\ethan\appdata\local\temp\ps3ppuld114882\lib.ent.s
c:\users\ethan\appdata\local\temp\ps3ppuld110922\lib.ent.s
c:\users\ethan\appdata\local\temp\ps3ppuld93522\lib.ent.s
c:\users\ethan\appdata\local\temp\ps3ppuld120402\lib.ent.s
c:\users\ethan\appdata\local\temp\ps3ppuld153562\lib.ent.s
c:\users\ethan\appdata\local\temp\ps3ppuld152522\lib.ent.s
c:\users\ethan\appdata\local\temp\ps3ppuld108642\lib.ent.s
c:\users\ethan\appdata\local\temp\ps3ppuld109682\lib.ent.s
c:\users\ethan\appdata\local\temp\ps3ppuld62282\lib.ent.s
c:\users\ethan\appdata\local\temp\ps3ppuld147482\lib.ent.s
c:\users\ethan\appdata\local\temp\ps3ppuld110282\lib.ent.s
c:\users\ethan\appdata\local\temp\ps3ppuld28042\lib.ent.s
c:\users\ethan\appdata\local\temp\ps3ppuld150162\lib.ent.s
c:\users\ethan\appdata\local\temp\ps3ppuld152602\lib.ent.s
c:\users\ethan\appdata\local\temp\ps3ppuld147002\lib.ent.s
c:\users\ethan\appdata\local\temp\ps3ppuld137962\lib.ent.s
c:\users\ethan\appdata\local\temp\ps3ppuld17682\lib.ent.s
c:\users\ethan\appdata\local\temp\ps3ppuld161482\lib.ent.s
c:\users\ethan\appdata\local\temp\ps3ppuld43442\lib.ent.s
c:\users\ethan\appdata\local\temp\ps3ppuld21802\lib.ent.s
c:\users\ethan\appdata\local\temp\ps3ppuld62482\lib.ent.s
c:\users\ethan\appdata\local\temp\ps3ppuld32522\lib.ent.s
c:\users\ethan\appdata\local\temp\ps3ppuld103122\lib.ent.s
c:\users\ethan\appdata\local\temp\ps3ppuld118402\lib.ent.s
c:\users\ethan\appdata\local\temp\ps3ppuld154842\lib.ent.s
c:\users\ethan\appdata\local\temp\ps3ppuld136082\lib.ent.s
c:\users\ethan\appdata\local\temp\ps3ppuld59562\lib.ent.s
c:\users\ethan\appdata\local\temp\ps3ppuld101962\lib.ent.s
c:\users\ethan\appdata\local\temp\ps3ppuld85082\lib.ent.s
c:\users\ethan\appdata\local\temp\ps3ppuld156962\lib.ent.s
c:\users\ethan\appdata\local\temp\ps3ppuld156202\lib.ent.s
c:\users\ethan\appdata\local\temp\ps3ppuld53242\lib.ent.s
c:\users\ethan\appdata\local\temp\ps3ppuld163402\lib.ent.s
c:\users\ethan\appdata\local\temp\ps3ppuld150602\lib.ent.s
c:\users\ethan\appdata\local\temp\ps3ppuld97842\lib.ent.s
c:\users\ethan\appdata\local\temp\ps3ppuld85362\lib.ent.s
c:\users\ethan\appdata\local\temp\ps3ppuld25762\lib.ent.s
c:\users\ethan\appdata\local\temp\ps3ppuld116402\lib.ent.s
c:\users\ethan\appdata\local\temp\ps3ppuld155042\lib.ent.s
c:\users\ethan\appdata\local\temp\ps3ppuld157402\lib.ent.s
c:\users\ethan\appdata\local\temp\ps3ppuld105802\lib.ent.s
c:\users\ethan\appdata\local\temp\ps3ppuld156362\lib.ent.s
c:\users\ethan\appdata\local\temp\ps3ppuld114482\lib.ent.s
c:\users\ethan\appdata\local\temp\ps3ppuld105242\lib.ent.s
c:\users\ethan\appdata\local\temp\ps3ppuld127362\lib.ent.s
c:\users\ethan\appdata\local\temp\ps3ppuld81082\lib.ent.s
c:\users\ethan\appdata\local\temp\ps3ppuld122002\lib.ent.s
c:\users\ethan\appdata\local\temp\ps3ppuld86882\lib.ent.s
c:\users\ethan\appdata\local\temp\ps3ppuld69522\lib.ent.s
c:\users\ethan\appdata\local\temp\ps3ppuld105602\lib.ent.s
c:\users\ethan\appdata\local\temp\ps3ppuld128282\lib.ent.s
c:\users\ethan\appdata\local\temp\ps3ppuld97162\lib.ent.s
c:\users\ethan\appdata\local\temp\ps3ppuld140602\lib.ent.s
c:\users\ethan\appdata\local\temp\ps3ppuld48802\lib.ent.s
c:\users\ethan\appdata\local\temp\ps3ppuld124082\lib.ent.s
c:\users\ethan\appdata\local\temp\ps3ppuld24762\lib.ent.s
c:\users\ethan\appdata\local\temp\ps3ppuld122962\lib.ent.s
c:\users\ethan\appdata\local\temp\ps3ppuld138042\lib.ent.s
c:\users\ethan\appdata\local\temp\ps3ppuld124362\lib.ent.s
c:\users\ethan\appdata\local\temp\ps3ppuld76242\lib.ent.s
c:\users\ethan\appdata\local\temp\ps3ppuld124882\lib.ent.s
c:\users\ethan\appdata\local\temp\ps3ppuld133802\lib.ent.s
c:\users\ethan\appdata\local\temp\ps3ppuld122042\lib.ent.s
c:\users\ethan\appdata\local\temp\ps3ppuld121362\lib.ent.s
c:\users\ethan\appdata\local\temp\ps3ppuld80002\lib.ent.s
c:\users\ethan\appdata\local\temp\ps3ppuld53562\lib.ent.s
c:\users\ethan\appdata\local\temp\ps3ppuld106322\lib.ent.s
c:\users\ethan\appdata\local\temp\ps3ppuld131002\lib.ent.s
c:\users\ethan\appdata\local\temp\ps3ppuld74442\lib.ent.s
c:\users\ethan\appdata\local\temp\ps3ppuld130202\lib.ent.s
c:\users\ethan\appdata\local\temp\ps3ppuld34322\lib.ent.s
c:\users\ethan\appdata\local\temp\ps3ppuld33882\lib.ent.s
c:\users\ethan\appdata\local\temp\ps3ppuld74522\lib.ent.s
c:\users\ethan\appdata\local\temp\ps3ppuld51722\lib.ent.s
c:\users\ethan\appdata\local\temp\ps3ppuld150322\lib.ent.s
c:\users\ethan\appdata\local\temp\ps3ppuld31402\lib.ent.s
c:\users\ethan\appdata\local\temp\ps3ppuld38762\lib.ent.s
c:\users\ethan\appdata\local\temp\ps3ppuld133402\lib.ent.s
c:\users\ethan\appdata\local\temp\ps3ppuld105682\lib.ent.s
c:\users\ethan\appdata\local\temp\ps3ppuld120682\lib.ent.s
c:\users\ethan\downloads\kagura client v2 source\bin\debug-ps3\kaguraclientsprxv2.map
c:\users\ethan\downloads\kagura client v2 source\bin-int\debug-ps3\kaguraclientsprxv2\filesystem.o
c:\users\ethan\downloads\kagura client v2 source\bin-int\debug-ps3\kaguraclientsprxv2\systemcalls.o
c:\users\ethan\downloads\kagura client v2 source\bin-int\debug-ps3\kaguraclientsprxv2\main.o
c:\users\ethan\downloads\kagura client v2 source\bin-int\debug-ps3\kaguraclientsprxv2\kaguraclientsprxv2.write.1.tlog
c:\users\ethan\downloads\kagura client v2 source\bin-int\debug-ps3\kaguraclientsprxv2\kaguracl.ea3fcc7f.tlog\ps3ppuld64-make_fself.read.1.tlog
c:\users\ethan\downloads\kagura client v2 source\bin-int\debug-ps3\kaguraclientsprxv2\kaguracl.ea3fcc7f.tlog\ps3ppuld64-make_fself.write.1.tlog
c:\users\ethan\downloads\kagura client v2 source\bin-int\debug-ps3\kaguraclientsprxv2\kaguracl.ea3fcc7f.tlog\ps3ppuld64-ppu-lv2-as.read.1.tlog
c:\users\ethan\downloads\kagura client v2 source\bin-int\debug-ps3\kaguraclientsprxv2\kaguracl.ea3fcc7f.tlog\ps3ppuld64-ppu-lv2-as.write.1.tlog
c:\users\ethan\downloads\kagura client v2 source\bin-int\debug-ps3\kaguraclientsprxv2\kaguracl.ea3fcc7f.tlog\ps3ppuld64-ppu-lv2-prx-fixup.read.1.tlog
c:\users\ethan\downloads\kagura client v2 source\bin-int\debug-ps3\kaguraclientsprxv2\kaguracl.ea3fcc7f.tlog\ps3ppuld64-ppu-lv2-prx-fixup.write.1.tlog
c:\users\ethan\downloads\kagura client v2 source\bin-int\debug-ps3\kaguraclientsprxv2\kaguracl.ea3fcc7f.tlog\ps3ppuld64-ppu-lv2-prx-libgen.read.1.tlog
c:\users\ethan\downloads\kagura client v2 source\bin-int\debug-ps3\kaguraclientsprxv2\kaguracl.ea3fcc7f.tlog\ps3ppuld64-ppu-lv2-prx-libgen.write.1.tlog
c:\users\ethan\downloads\kagura client v2 source\bin-int\debug-ps3\kaguraclientsprxv2\kaguracl.ea3fcc7f.tlog\ps3ppuld64.command.1.tlog
c:\users\ethan\downloads\kagura client v2 source\bin-int\debug-ps3\kaguraclientsprxv2\kaguracl.ea3fcc7f.tlog\ps3ppuld64.read.1.tlog
c:\users\ethan\downloads\kagura client v2 source\bin-int\debug-ps3\kaguraclientsprxv2\kaguracl.ea3fcc7f.tlog\ps3ppuld64.write.1.tlog
c:\users\ethan\downloads\kagura client v2 source\bin-int\debug-ps3\kaguraclientsprxv2\kaguracl.ea3fcc7f.tlog\ps3ppusnc.command.1.tlog
c:\users\ethan\downloads\kagura client v2 source\bin-int\debug-ps3\kaguraclientsprxv2\kaguracl.ea3fcc7f.tlog\ps3ppusnc.read.1.tlog
c:\users\ethan\downloads\kagura client v2 source\bin-int\debug-ps3\kaguraclientsprxv2\kaguracl.ea3fcc7f.tlog\ps3ppusnc.write.1.tlog
