c:\users\ethan\downloads\kagura client v2 source\bin\debug-ps3\cellprx_mc_stub.a
c:\users\ethan\downloads\kagura client v2 source\bin\debug-ps3\mc.sprx
c:\users\ethan\appdata\local\temp\ps3ppuld32202\lib.ent.o
c:\users\ethan\appdata\local\temp\ps3ppuld173882\lib.ent.o
c:\users\ethan\appdata\local\temp\ps3ppuld100202\lib.ent.o
c:\users\ethan\appdata\local\temp\ps3ppuld87122\lib.ent.o
c:\users\ethan\appdata\local\temp\ps3ppuld143962\lib.ent.o
c:\users\ethan\appdata\local\temp\ps3ppuld83242\lib.ent.o
c:\users\ethan\appdata\local\temp\ps3ppuld96602\lib.ent.o
c:\users\ethan\appdata\local\temp\ps3ppuld148362\lib.ent.o
c:\users\ethan\appdata\local\temp\ps3ppuld162842\lib.ent.o
c:\users\ethan\appdata\local\temp\ps3ppuld141682\lib.ent.o
c:\users\ethan\appdata\local\temp\ps3ppuld160162\lib.ent.o
c:\users\ethan\appdata\local\temp\ps3ppuld109282\lib.ent.o
c:\users\ethan\appdata\local\temp\ps3ppuld130002\lib.ent.o
c:\users\ethan\appdata\local\temp\ps3ppuld42522\lib.ent.o
c:\users\ethan\appdata\local\temp\ps3ppuld32202\mc
c:\users\ethan\appdata\local\temp\ps3ppuld173882\mc
c:\users\ethan\appdata\local\temp\ps3ppuld100202\mc
c:\users\ethan\appdata\local\temp\ps3ppuld87122\mc
c:\users\ethan\appdata\local\temp\ps3ppuld143962\mc
c:\users\ethan\appdata\local\temp\ps3ppuld83242\mc
c:\users\ethan\appdata\local\temp\ps3ppuld96602\mc
c:\users\ethan\appdata\local\temp\ps3ppuld148362\mc
c:\users\ethan\appdata\local\temp\ps3ppuld162842\mc
c:\users\ethan\appdata\local\temp\ps3ppuld141682\mc
c:\users\ethan\appdata\local\temp\ps3ppuld160162\mc
c:\users\ethan\appdata\local\temp\ps3ppuld109282\mc
c:\users\ethan\appdata\local\temp\ps3ppuld130002\mc
c:\users\ethan\appdata\local\temp\ps3ppuld42522\mc
c:\users\ethan\appdata\local\temp\ps3ppuld32202\lib.ent.s
c:\users\ethan\appdata\local\temp\ps3ppuld173882\lib.ent.s
c:\users\ethan\appdata\local\temp\ps3ppuld100202\lib.ent.s
c:\users\ethan\appdata\local\temp\ps3ppuld87122\lib.ent.s
c:\users\ethan\appdata\local\temp\ps3ppuld143962\lib.ent.s
c:\users\ethan\appdata\local\temp\ps3ppuld83242\lib.ent.s
c:\users\ethan\appdata\local\temp\ps3ppuld96602\lib.ent.s
c:\users\ethan\appdata\local\temp\ps3ppuld148362\lib.ent.s
c:\users\ethan\appdata\local\temp\ps3ppuld162842\lib.ent.s
c:\users\ethan\appdata\local\temp\ps3ppuld141682\lib.ent.s
c:\users\ethan\appdata\local\temp\ps3ppuld160162\lib.ent.s
c:\users\ethan\appdata\local\temp\ps3ppuld109282\lib.ent.s
c:\users\ethan\appdata\local\temp\ps3ppuld130002\lib.ent.s
c:\users\ethan\appdata\local\temp\ps3ppuld42522\lib.ent.s
c:\users\ethan\downloads\kagura client v2 source\bin\debug-ps3\mc.map
c:\users\ethan\downloads\kagura client v2 source\bin-int\debug-ps3\mc\filesystem.o
c:\users\ethan\downloads\kagura client v2 source\bin-int\debug-ps3\mc\systemcalls.o
c:\users\ethan\downloads\kagura client v2 source\bin-int\debug-ps3\mc\main.o
c:\users\ethan\downloads\kagura client v2 source\bin-int\debug-ps3\mc\mc.write.1.tlog
c:\users\ethan\downloads\kagura client v2 source\bin-int\debug-ps3\mc\mc.tlog\ps3ppuld64-make_fself.read.1.tlog
c:\users\ethan\downloads\kagura client v2 source\bin-int\debug-ps3\mc\mc.tlog\ps3ppuld64-make_fself.write.1.tlog
c:\users\ethan\downloads\kagura client v2 source\bin-int\debug-ps3\mc\mc.tlog\ps3ppuld64-ppu-lv2-as.read.1.tlog
c:\users\ethan\downloads\kagura client v2 source\bin-int\debug-ps3\mc\mc.tlog\ps3ppuld64-ppu-lv2-as.write.1.tlog
c:\users\ethan\downloads\kagura client v2 source\bin-int\debug-ps3\mc\mc.tlog\ps3ppuld64-ppu-lv2-prx-fixup.read.1.tlog
c:\users\ethan\downloads\kagura client v2 source\bin-int\debug-ps3\mc\mc.tlog\ps3ppuld64-ppu-lv2-prx-fixup.write.1.tlog
c:\users\ethan\downloads\kagura client v2 source\bin-int\debug-ps3\mc\mc.tlog\ps3ppuld64-ppu-lv2-prx-libgen.read.1.tlog
c:\users\ethan\downloads\kagura client v2 source\bin-int\debug-ps3\mc\mc.tlog\ps3ppuld64-ppu-lv2-prx-libgen.write.1.tlog
c:\users\ethan\downloads\kagura client v2 source\bin-int\debug-ps3\mc\mc.tlog\ps3ppuld64.command.1.tlog
c:\users\ethan\downloads\kagura client v2 source\bin-int\debug-ps3\mc\mc.tlog\ps3ppuld64.read.1.tlog
c:\users\ethan\downloads\kagura client v2 source\bin-int\debug-ps3\mc\mc.tlog\ps3ppuld64.write.1.tlog
c:\users\ethan\downloads\kagura client v2 source\bin-int\debug-ps3\mc\mc.tlog\ps3ppusnc.command.1.tlog
c:\users\ethan\downloads\kagura client v2 source\bin-int\debug-ps3\mc\mc.tlog\ps3ppusnc.read.1.tlog
c:\users\ethan\downloads\kagura client v2 source\bin-int\debug-ps3\mc\mc.tlog\ps3ppusnc.write.1.tlog
