c:\users\ethan\downloads\kagura client v2 source base\bin\debug-ps3\cellprx_minecraft_stub.a
c:\users\ethan\downloads\kagura client v2 source base\bin\debug-ps3\minecraft.sprx
c:\users\ethan\appdata\local\temp\ps3ppuld153642\lib.ent.o
c:\users\ethan\appdata\local\temp\ps3ppuld26322\lib.ent.o
c:\users\ethan\appdata\local\temp\ps3ppuld153642\minecraft
c:\users\ethan\appdata\local\temp\ps3ppuld26322\minecraft
c:\users\ethan\appdata\local\temp\ps3ppuld153642\lib.ent.s
c:\users\ethan\appdata\local\temp\ps3ppuld26322\lib.ent.s
c:\users\ethan\downloads\kagura client v2 source base\bin\debug-ps3\minecraft.map
c:\users\ethan\downloads\kagura client v2 source base\bin-int\debug-ps3\minecraft\filesystem.o
c:\users\ethan\downloads\kagura client v2 source base\bin-int\debug-ps3\minecraft\systemcalls.o
c:\users\ethan\downloads\kagura client v2 source base\bin-int\debug-ps3\minecraft\main.o
c:\users\ethan\downloads\kagura client v2 source base\bin-int\debug-ps3\minecraft\minecraft.write.1.tlog
c:\users\ethan\downloads\kagura client v2 source base\bin-int\debug-ps3\minecraft\minecraft.tlog\ps3ppuld64-make_fself.read.1.tlog
c:\users\ethan\downloads\kagura client v2 source base\bin-int\debug-ps3\minecraft\minecraft.tlog\ps3ppuld64-make_fself.write.1.tlog
c:\users\ethan\downloads\kagura client v2 source base\bin-int\debug-ps3\minecraft\minecraft.tlog\ps3ppuld64-ppu-lv2-as.read.1.tlog
c:\users\ethan\downloads\kagura client v2 source base\bin-int\debug-ps3\minecraft\minecraft.tlog\ps3ppuld64-ppu-lv2-as.write.1.tlog
c:\users\ethan\downloads\kagura client v2 source base\bin-int\debug-ps3\minecraft\minecraft.tlog\ps3ppuld64-ppu-lv2-prx-fixup.read.1.tlog
c:\users\ethan\downloads\kagura client v2 source base\bin-int\debug-ps3\minecraft\minecraft.tlog\ps3ppuld64-ppu-lv2-prx-fixup.write.1.tlog
c:\users\ethan\downloads\kagura client v2 source base\bin-int\debug-ps3\minecraft\minecraft.tlog\ps3ppuld64-ppu-lv2-prx-libgen.read.1.tlog
c:\users\ethan\downloads\kagura client v2 source base\bin-int\debug-ps3\minecraft\minecraft.tlog\ps3ppuld64-ppu-lv2-prx-libgen.write.1.tlog
c:\users\ethan\downloads\kagura client v2 source base\bin-int\debug-ps3\minecraft\minecraft.tlog\ps3ppuld64.command.1.tlog
c:\users\ethan\downloads\kagura client v2 source base\bin-int\debug-ps3\minecraft\minecraft.tlog\ps3ppuld64.read.1.tlog
c:\users\ethan\downloads\kagura client v2 source base\bin-int\debug-ps3\minecraft\minecraft.tlog\ps3ppuld64.write.1.tlog
c:\users\ethan\downloads\kagura client v2 source base\bin-int\debug-ps3\minecraft\minecraft.tlog\ps3ppusnc.command.1.tlog
c:\users\ethan\downloads\kagura client v2 source base\bin-int\debug-ps3\minecraft\minecraft.tlog\ps3ppusnc.read.1.tlog
c:\users\ethan\downloads\kagura client v2 source base\bin-int\debug-ps3\minecraft\minecraft.tlog\ps3ppusnc.write.1.tlog
